-------------------------------------------------------------------------------
Test set: ec.edu.espe.safestore.model.SupplierInvoiceTest
-------------------------------------------------------------------------------
Tests run: 23, Failures: 21, Errors: 2, Skipped: 0, Time elapsed: 0.248 s <<< FAILURE! -- in ec.edu.espe.safestore.model.SupplierInvoiceTest
ec.edu.espe.safestore.model.SupplierInvoiceTest.testGetDueDate -- Time elapsed: 0.003 s <<< FAILURE!
java.lang.AssertionError: The test case is a prototype.
	at org.junit.Assert.fail(Assert.java:89)
	at ec.edu.espe.safestore.model.SupplierInvoiceTest.testGetDueDate(SupplierInvoiceTest.java:140)
	at java.base/java.lang.reflect.Method.invoke(Method.java:565)

ec.edu.espe.safestore.model.SupplierInvoiceTest.testGetInvoiceNumber -- Time elapsed: 0.002 s <<< FAILURE!
java.lang.AssertionError: expected:<> but was:<null>
	at org.junit.Assert.fail(Assert.java:89)
	at org.junit.Assert.failNotEquals(Assert.java:835)
	at org.junit.Assert.assertEquals(Assert.java:120)
	at org.junit.Assert.assertEquals(Assert.java:146)
	at ec.edu.espe.safestore.model.SupplierInvoiceTest.testGetInvoiceNumber(SupplierInvoiceTest.java:84)
	at java.base/java.lang.reflect.Method.invoke(Method.java:565)

ec.edu.espe.safestore.model.SupplierInvoiceTest.testGetItems -- Time elapsed: 0.006 s <<< FAILURE!
java.lang.AssertionError: expected:<null> but was:<[]>
	at org.junit.Assert.fail(Assert.java:89)
	at org.junit.Assert.failNotEquals(Assert.java:835)
	at org.junit.Assert.assertEquals(Assert.java:120)
	at org.junit.Assert.assertEquals(Assert.java:146)
	at ec.edu.espe.safestore.model.SupplierInvoiceTest.testGetItems(SupplierInvoiceTest.java:165)
	at java.base/java.lang.reflect.Method.invoke(Method.java:565)

ec.edu.espe.safestore.model.SupplierInvoiceTest.testGetTotal -- Time elapsed: 0.002 s <<< FAILURE!
java.lang.AssertionError: The test case is a prototype.
	at org.junit.Assert.fail(Assert.java:89)
	at ec.edu.espe.safestore.model.SupplierInvoiceTest.testGetTotal(SupplierInvoiceTest.java:248)
	at java.base/java.lang.reflect.Method.invoke(Method.java:565)

ec.edu.espe.safestore.model.SupplierInvoiceTest.testAddItem -- Time elapsed: 0.005 s <<< ERROR!
java.lang.NullPointerException
	at java.base/java.util.stream.ReferencePipeline$6$1.accept(ReferencePipeline.java:265)
	at java.base/java.util.ArrayList$ArrayListSpliterator.forEachRemaining(ArrayList.java:1724)
	at java.base/java.util.stream.AbstractPipeline.copyInto(AbstractPipeline.java:570)
	at java.base/java.util.stream.AbstractPipeline.wrapAndCopyInto(AbstractPipeline.java:560)
	at java.base/java.util.stream.ReduceOps$ReduceOp.evaluateSequential(ReduceOps.java:921)
	at java.base/java.util.stream.AbstractPipeline.evaluate(AbstractPipeline.java:265)
	at java.base/java.util.stream.DoublePipeline.collect(DoublePipeline.java:544)
	at java.base/java.util.stream.DoublePipeline.sum(DoublePipeline.java:453)
	at ec.edu.espe.safestore.model.SupplierInvoice.calculateTotals(SupplierInvoice.java:67)
	at ec.edu.espe.safestore.model.SupplierInvoice.addItem(SupplierInvoice.java:63)
	at ec.edu.espe.safestore.model.SupplierInvoiceTest.testAddItem(SupplierInvoiceTest.java:299)
	at java.base/java.lang.reflect.Method.invoke(Method.java:565)

ec.edu.espe.safestore.model.SupplierInvoiceTest.testToString -- Time elapsed: 0.002 s <<< FAILURE!
org.junit.ComparisonFailure: expected:<[]> but was:<[SupplierInvoice{invoiceId=0, supplierId=0, total=0.0}]>
	at org.junit.Assert.assertEquals(Assert.java:117)
	at org.junit.Assert.assertEquals(Assert.java:146)
	at ec.edu.espe.safestore.model.SupplierInvoiceTest.testToString(SupplierInvoiceTest.java:327)
	at java.base/java.lang.reflect.Method.invoke(Method.java:565)

ec.edu.espe.safestore.model.SupplierInvoiceTest.testIsOverdue -- Time elapsed: 0.001 s <<< ERROR!
java.lang.NullPointerException: Cannot invoke "java.time.chrono.ChronoLocalDate.toEpochDay()" because "other" is null
	at java.base/java.time.chrono.ChronoLocalDate.isAfter(ChronoLocalDate.java:733)
	at java.base/java.time.LocalDate.isAfter(LocalDate.java:2062)
	at ec.edu.espe.safestore.model.SupplierInvoice.isOverdue(SupplierInvoice.java:73)
	at ec.edu.espe.safestore.model.SupplierInvoiceTest.testIsOverdue(SupplierInvoiceTest.java:312)
	at java.base/java.lang.reflect.Method.invoke(Method.java:565)

ec.edu.espe.safestore.model.SupplierInvoiceTest.testSetSubtotal -- Time elapsed: 0.002 s <<< FAILURE!
java.lang.AssertionError: The test case is a prototype.
	at org.junit.Assert.fail(Assert.java:89)
	at ec.edu.espe.safestore.model.SupplierInvoiceTest.testSetSubtotal(SupplierInvoiceTest.java:207)
	at java.base/java.lang.reflect.Method.invoke(Method.java:565)

ec.edu.espe.safestore.model.SupplierInvoiceTest.testGetInvoiceId -- Time elapsed: 0.001 s <<< FAILURE!
java.lang.AssertionError: The test case is a prototype.
	at org.junit.Assert.fail(Assert.java:89)
	at ec.edu.espe.safestore.model.SupplierInvoiceTest.testGetInvoiceId(SupplierInvoiceTest.java:32)
	at java.base/java.lang.reflect.Method.invoke(Method.java:565)

ec.edu.espe.safestore.model.SupplierInvoiceTest.testGetSubtotal -- Time elapsed: 0.002 s <<< FAILURE!
java.lang.AssertionError: The test case is a prototype.
	at org.junit.Assert.fail(Assert.java:89)
	at ec.edu.espe.safestore.model.SupplierInvoiceTest.testGetSubtotal(SupplierInvoiceTest.java:194)
	at java.base/java.lang.reflect.Method.invoke(Method.java:565)

ec.edu.espe.safestore.model.SupplierInvoiceTest.testGetDate -- Time elapsed: 0.002 s <<< FAILURE!
java.lang.AssertionError: expected:<null> but was:<2026-07-22>
	at org.junit.Assert.fail(Assert.java:89)
	at org.junit.Assert.failNotEquals(Assert.java:835)
	at org.junit.Assert.assertEquals(Assert.java:120)
	at org.junit.Assert.assertEquals(Assert.java:146)
	at ec.edu.espe.safestore.model.SupplierInvoiceTest.testGetDate(SupplierInvoiceTest.java:111)
	at java.base/java.lang.reflect.Method.invoke(Method.java:565)

ec.edu.espe.safestore.model.SupplierInvoiceTest.testSetDueDate -- Time elapsed: 0.001 s <<< FAILURE!
java.lang.AssertionError: The test case is a prototype.
	at org.junit.Assert.fail(Assert.java:89)
	at ec.edu.espe.safestore.model.SupplierInvoiceTest.testSetDueDate(SupplierInvoiceTest.java:153)
	at java.base/java.lang.reflect.Method.invoke(Method.java:565)

ec.edu.espe.safestore.model.SupplierInvoiceTest.testSetInvoiceNumber -- Time elapsed: 0.002 s <<< FAILURE!
java.lang.AssertionError: The test case is a prototype.
	at org.junit.Assert.fail(Assert.java:89)
	at ec.edu.espe.safestore.model.SupplierInvoiceTest.testSetInvoiceNumber(SupplierInvoiceTest.java:99)
	at java.base/java.lang.reflect.Method.invoke(Method.java:565)

ec.edu.espe.safestore.model.SupplierInvoiceTest.testSetInvoiceId -- Time elapsed: 0.001 s <<< FAILURE!
java.lang.AssertionError: The test case is a prototype.
	at org.junit.Assert.fail(Assert.java:89)
	at ec.edu.espe.safestore.model.SupplierInvoiceTest.testSetInvoiceId(SupplierInvoiceTest.java:45)
	at java.base/java.lang.reflect.Method.invoke(Method.java:565)

ec.edu.espe.safestore.model.SupplierInvoiceTest.testGetSupplierId -- Time elapsed: 0.002 s <<< FAILURE!
java.lang.AssertionError: The test case is a prototype.
	at org.junit.Assert.fail(Assert.java:89)
	at ec.edu.espe.safestore.model.SupplierInvoiceTest.testGetSupplierId(SupplierInvoiceTest.java:59)
	at java.base/java.lang.reflect.Method.invoke(Method.java:565)

ec.edu.espe.safestore.model.SupplierInvoiceTest.testSetStatus -- Time elapsed: 0.114 s <<< FAILURE!
java.lang.AssertionError: The test case is a prototype.
	at org.junit.Assert.fail(Assert.java:89)
	at ec.edu.espe.safestore.model.SupplierInvoiceTest.testSetStatus(SupplierInvoiceTest.java:288)
	at java.base/java.lang.reflect.Method.invoke(Method.java:565)

ec.edu.espe.safestore.model.SupplierInvoiceTest.testGetTax -- Time elapsed: 0.001 s <<< FAILURE!
java.lang.AssertionError: The test case is a prototype.
	at org.junit.Assert.fail(Assert.java:89)
	at ec.edu.espe.safestore.model.SupplierInvoiceTest.testGetTax(SupplierInvoiceTest.java:221)
	at java.base/java.lang.reflect.Method.invoke(Method.java:565)

ec.edu.espe.safestore.model.SupplierInvoiceTest.testGetStatus -- Time elapsed: 0.002 s <<< FAILURE!
org.junit.ComparisonFailure: expected:<[]> but was:<[pending]>
	at org.junit.Assert.assertEquals(Assert.java:117)
	at org.junit.Assert.assertEquals(Assert.java:146)
	at ec.edu.espe.safestore.model.SupplierInvoiceTest.testGetStatus(SupplierInvoiceTest.java:273)
	at java.base/java.lang.reflect.Method.invoke(Method.java:565)

ec.edu.espe.safestore.model.SupplierInvoiceTest.testSetDate -- Time elapsed: 0.001 s <<< FAILURE!
java.lang.AssertionError: The test case is a prototype.
	at org.junit.Assert.fail(Assert.java:89)
	at ec.edu.espe.safestore.model.SupplierInvoiceTest.testSetDate(SupplierInvoiceTest.java:126)
	at java.base/java.lang.reflect.Method.invoke(Method.java:565)

ec.edu.espe.safestore.model.SupplierInvoiceTest.testSetSupplierId -- Time elapsed: 0.001 s <<< FAILURE!
java.lang.AssertionError: The test case is a prototype.
	at org.junit.Assert.fail(Assert.java:89)
	at ec.edu.espe.safestore.model.SupplierInvoiceTest.testSetSupplierId(SupplierInvoiceTest.java:72)
	at java.base/java.lang.reflect.Method.invoke(Method.java:565)

ec.edu.espe.safestore.model.SupplierInvoiceTest.testSetTax -- Time elapsed: 0.054 s <<< FAILURE!
java.lang.AssertionError: The test case is a prototype.
	at org.junit.Assert.fail(Assert.java:89)
	at ec.edu.espe.safestore.model.SupplierInvoiceTest.testSetTax(SupplierInvoiceTest.java:234)
	at java.base/java.lang.reflect.Method.invoke(Method.java:565)

ec.edu.espe.safestore.model.SupplierInvoiceTest.testSetItems -- Time elapsed: 0.003 s <<< FAILURE!
java.lang.AssertionError: The test case is a prototype.
	at org.junit.Assert.fail(Assert.java:89)
	at ec.edu.espe.safestore.model.SupplierInvoiceTest.testSetItems(SupplierInvoiceTest.java:180)
	at java.base/java.lang.reflect.Method.invoke(Method.java:565)

ec.edu.espe.safestore.model.SupplierInvoiceTest.testSetTotal -- Time elapsed: 0.002 s <<< FAILURE!
java.lang.AssertionError: The test case is a prototype.
	at org.junit.Assert.fail(Assert.java:89)
	at ec.edu.espe.safestore.model.SupplierInvoiceTest.testSetTotal(SupplierInvoiceTest.java:261)
	at java.base/java.lang.reflect.Method.invoke(Method.java:565)

