-------------------------------------------------------------------------------
Test set: ec.edu.espe.safestore.model.TransactionTest
-------------------------------------------------------------------------------
Tests run: 9, Failures: 9, Errors: 0, Skipped: 0, Time elapsed: 0.041 s <<< FAILURE! -- in ec.edu.espe.safestore.model.TransactionTest
ec.edu.espe.safestore.model.TransactionTest.testSetDescription -- Time elapsed: 0.002 s <<< FAILURE!
java.lang.AssertionError: The test case is a prototype.
	at org.junit.Assert.fail(Assert.java:89)
	at ec.edu.espe.safestore.model.TransactionTest.testSetDescription(TransactionTest.java:71)
	at java.base/java.lang.reflect.Method.invoke(Method.java:565)

ec.edu.espe.safestore.model.TransactionTest.testToString -- Time elapsed: 0.001 s <<< FAILURE!
org.junit.ComparisonFailure: expected:<[]> but was:<[Transaction{amount=0.0, type=null, date=null}]>
	at org.junit.Assert.assertEquals(Assert.java:117)
	at org.junit.Assert.assertEquals(Assert.java:146)
	at ec.edu.espe.safestore.model.TransactionTest.testToString(TransactionTest.java:137)
	at java.base/java.lang.reflect.Method.invoke(Method.java:565)

ec.edu.espe.safestore.model.TransactionTest.testGetDate -- Time elapsed: 0.005 s <<< FAILURE!
java.lang.AssertionError: The test case is a prototype.
	at org.junit.Assert.fail(Assert.java:89)
	at ec.edu.espe.safestore.model.TransactionTest.testGetDate(TransactionTest.java:112)
	at java.base/java.lang.reflect.Method.invoke(Method.java:565)

ec.edu.espe.safestore.model.TransactionTest.testGetType -- Time elapsed: 0.003 s <<< FAILURE!
java.lang.AssertionError: expected:<> but was:<null>
	at org.junit.Assert.fail(Assert.java:89)
	at org.junit.Assert.failNotEquals(Assert.java:835)
	at org.junit.Assert.assertEquals(Assert.java:120)
	at org.junit.Assert.assertEquals(Assert.java:146)
	at ec.edu.espe.safestore.model.TransactionTest.testGetType(TransactionTest.java:83)
	at java.base/java.lang.reflect.Method.invoke(Method.java:565)

ec.edu.espe.safestore.model.TransactionTest.testGetDescription -- Time elapsed: 0.003 s <<< FAILURE!
java.lang.AssertionError: expected:<> but was:<null>
	at org.junit.Assert.fail(Assert.java:89)
	at org.junit.Assert.failNotEquals(Assert.java:835)
	at org.junit.Assert.assertEquals(Assert.java:120)
	at org.junit.Assert.assertEquals(Assert.java:146)
	at ec.edu.espe.safestore.model.TransactionTest.testGetDescription(TransactionTest.java:56)
	at java.base/java.lang.reflect.Method.invoke(Method.java:565)

ec.edu.espe.safestore.model.TransactionTest.testSetAmount -- Time elapsed: 0.002 s <<< FAILURE!
java.lang.AssertionError: The test case is a prototype.
	at org.junit.Assert.fail(Assert.java:89)
	at ec.edu.espe.safestore.model.TransactionTest.testSetAmount(TransactionTest.java:44)
	at java.base/java.lang.reflect.Method.invoke(Method.java:565)

ec.edu.espe.safestore.model.TransactionTest.testGetAmount -- Time elapsed: 0.001 s <<< FAILURE!
java.lang.AssertionError: The test case is a prototype.
	at org.junit.Assert.fail(Assert.java:89)
	at ec.edu.espe.safestore.model.TransactionTest.testGetAmount(TransactionTest.java:31)
	at java.base/java.lang.reflect.Method.invoke(Method.java:565)

ec.edu.espe.safestore.model.TransactionTest.testSetDate -- Time elapsed: 0.002 s <<< FAILURE!
java.lang.AssertionError: The test case is a prototype.
	at org.junit.Assert.fail(Assert.java:89)
	at ec.edu.espe.safestore.model.TransactionTest.testSetDate(TransactionTest.java:125)
	at java.base/java.lang.reflect.Method.invoke(Method.java:565)

ec.edu.espe.safestore.model.TransactionTest.testSetType -- Time elapsed: 0.002 s <<< FAILURE!
java.lang.AssertionError: The test case is a prototype.
	at org.junit.Assert.fail(Assert.java:89)
	at ec.edu.espe.safestore.model.TransactionTest.testSetType(TransactionTest.java:98)
	at java.base/java.lang.reflect.Method.invoke(Method.java:565)

