-------------------------------------------------------------------------------
Test set: ec.edu.espe.safestore.model.SaleTest
-------------------------------------------------------------------------------
Tests run: 20, Failures: 19, Errors: 1, Skipped: 0, Time elapsed: 0.066 s <<< FAILURE! -- in ec.edu.espe.safestore.model.SaleTest
ec.edu.espe.safestore.model.SaleTest.testGetCustomerName -- Time elapsed: 0.002 s <<< FAILURE!
java.lang.AssertionError: expected:<> but was:<null>
	at org.junit.Assert.fail(Assert.java:89)
	at org.junit.Assert.failNotEquals(Assert.java:835)
	at org.junit.Assert.assertEquals(Assert.java:120)
	at org.junit.Assert.assertEquals(Assert.java:146)
	at ec.edu.espe.safestore.model.SaleTest.testGetCustomerName(SaleTest.java:57)
	at java.base/java.lang.reflect.Method.invoke(Method.java:565)

ec.edu.espe.safestore.model.SaleTest.testGetItems -- Time elapsed: 0.001 s <<< FAILURE!
java.lang.AssertionError: expected:<null> but was:<[]>
	at org.junit.Assert.fail(Assert.java:89)
	at org.junit.Assert.failNotEquals(Assert.java:835)
	at org.junit.Assert.assertEquals(Assert.java:120)
	at org.junit.Assert.assertEquals(Assert.java:146)
	at ec.edu.espe.safestore.model.SaleTest.testGetItems(SaleTest.java:111)
	at java.base/java.lang.reflect.Method.invoke(Method.java:565)

ec.edu.espe.safestore.model.SaleTest.testGetTotal -- Time elapsed: 0.001 s <<< FAILURE!
java.lang.AssertionError: The test case is a prototype.
	at org.junit.Assert.fail(Assert.java:89)
	at ec.edu.espe.safestore.model.SaleTest.testGetTotal(SaleTest.java:194)
	at java.base/java.lang.reflect.Method.invoke(Method.java:565)

ec.edu.espe.safestore.model.SaleTest.testAddItem -- Time elapsed: 0.011 s <<< ERROR!
java.lang.NullPointerException
	at java.base/java.util.stream.ReferencePipeline$6$1.accept(ReferencePipeline.java:265)
	at java.base/java.util.ArrayList$ArrayListSpliterator.forEachRemaining(ArrayList.java:1724)
	at java.base/java.util.stream.AbstractPipeline.copyInto(AbstractPipeline.java:570)
	at java.base/java.util.stream.AbstractPipeline.wrapAndCopyInto(AbstractPipeline.java:560)
	at java.base/java.util.stream.ReduceOps$ReduceOp.evaluateSequential(ReduceOps.java:921)
	at java.base/java.util.stream.AbstractPipeline.evaluate(AbstractPipeline.java:265)
	at java.base/java.util.stream.DoublePipeline.collect(DoublePipeline.java:544)
	at java.base/java.util.stream.DoublePipeline.sum(DoublePipeline.java:453)
	at ec.edu.espe.safestore.model.Sale.calculateTotals(Sale.java:65)
	at ec.edu.espe.safestore.model.Sale.addItem(Sale.java:61)
	at ec.edu.espe.safestore.model.SaleTest.testAddItem(SaleTest.java:272)
	at java.base/java.lang.reflect.Method.invoke(Method.java:565)

ec.edu.espe.safestore.model.SaleTest.testToString -- Time elapsed: 0.003 s <<< FAILURE!
org.junit.ComparisonFailure: expected:<[]> but was:<[Sale{saleId=0, customerName=null, total=0.0}]>
	at org.junit.Assert.assertEquals(Assert.java:117)
	at org.junit.Assert.assertEquals(Assert.java:146)
	at ec.edu.espe.safestore.model.SaleTest.testToString(SaleTest.java:286)
	at java.base/java.lang.reflect.Method.invoke(Method.java:565)

ec.edu.espe.safestore.model.SaleTest.testSetCustomerName -- Time elapsed: 0.004 s <<< FAILURE!
java.lang.AssertionError: The test case is a prototype.
	at org.junit.Assert.fail(Assert.java:89)
	at ec.edu.espe.safestore.model.SaleTest.testSetCustomerName(SaleTest.java:72)
	at java.base/java.lang.reflect.Method.invoke(Method.java:565)

ec.edu.espe.safestore.model.SaleTest.testSetSaleType -- Time elapsed: 0.005 s <<< FAILURE!
java.lang.AssertionError: The test case is a prototype.
	at org.junit.Assert.fail(Assert.java:89)
	at ec.edu.espe.safestore.model.SaleTest.testSetSaleType(SaleTest.java:261)
	at java.base/java.lang.reflect.Method.invoke(Method.java:565)

ec.edu.espe.safestore.model.SaleTest.testGetSaleType -- Time elapsed: 0.001 s <<< FAILURE!
java.lang.AssertionError: expected:<> but was:<null>
	at org.junit.Assert.fail(Assert.java:89)
	at org.junit.Assert.failNotEquals(Assert.java:835)
	at org.junit.Assert.assertEquals(Assert.java:120)
	at org.junit.Assert.assertEquals(Assert.java:146)
	at ec.edu.espe.safestore.model.SaleTest.testGetSaleType(SaleTest.java:246)
	at java.base/java.lang.reflect.Method.invoke(Method.java:565)

ec.edu.espe.safestore.model.SaleTest.testGetPaymentMethod -- Time elapsed: 0.001 s <<< FAILURE!
java.lang.AssertionError: expected:<> but was:<null>
	at org.junit.Assert.fail(Assert.java:89)
	at org.junit.Assert.failNotEquals(Assert.java:835)
	at org.junit.Assert.assertEquals(Assert.java:120)
	at org.junit.Assert.assertEquals(Assert.java:146)
	at ec.edu.espe.safestore.model.SaleTest.testGetPaymentMethod(SaleTest.java:219)
	at java.base/java.lang.reflect.Method.invoke(Method.java:565)

ec.edu.espe.safestore.model.SaleTest.testSetSubtotal -- Time elapsed: 0.001 s <<< FAILURE!
java.lang.AssertionError: The test case is a prototype.
	at org.junit.Assert.fail(Assert.java:89)
	at ec.edu.espe.safestore.model.SaleTest.testSetSubtotal(SaleTest.java:153)
	at java.base/java.lang.reflect.Method.invoke(Method.java:565)

ec.edu.espe.safestore.model.SaleTest.testGetSubtotal -- Time elapsed: 0.002 s <<< FAILURE!
java.lang.AssertionError: The test case is a prototype.
	at org.junit.Assert.fail(Assert.java:89)
	at ec.edu.espe.safestore.model.SaleTest.testGetSubtotal(SaleTest.java:140)
	at java.base/java.lang.reflect.Method.invoke(Method.java:565)

ec.edu.espe.safestore.model.SaleTest.testGetDate -- Time elapsed: 0.001 s <<< FAILURE!
java.lang.AssertionError: expected:<null> but was:<2026-07-22T17:04:53.238374100>
	at org.junit.Assert.fail(Assert.java:89)
	at org.junit.Assert.failNotEquals(Assert.java:835)
	at org.junit.Assert.assertEquals(Assert.java:120)
	at org.junit.Assert.assertEquals(Assert.java:146)
	at ec.edu.espe.safestore.model.SaleTest.testGetDate(SaleTest.java:84)
	at java.base/java.lang.reflect.Method.invoke(Method.java:565)

ec.edu.espe.safestore.model.SaleTest.testSetSaleId -- Time elapsed: 0.002 s <<< FAILURE!
java.lang.AssertionError: The test case is a prototype.
	at org.junit.Assert.fail(Assert.java:89)
	at ec.edu.espe.safestore.model.SaleTest.testSetSaleId(SaleTest.java:45)
	at java.base/java.lang.reflect.Method.invoke(Method.java:565)

ec.edu.espe.safestore.model.SaleTest.testGetTax -- Time elapsed: 0.002 s <<< FAILURE!
java.lang.AssertionError: The test case is a prototype.
	at org.junit.Assert.fail(Assert.java:89)
	at ec.edu.espe.safestore.model.SaleTest.testGetTax(SaleTest.java:167)
	at java.base/java.lang.reflect.Method.invoke(Method.java:565)

ec.edu.espe.safestore.model.SaleTest.testGetSaleId -- Time elapsed: 0.001 s <<< FAILURE!
java.lang.AssertionError: The test case is a prototype.
	at org.junit.Assert.fail(Assert.java:89)
	at ec.edu.espe.safestore.model.SaleTest.testGetSaleId(SaleTest.java:32)
	at java.base/java.lang.reflect.Method.invoke(Method.java:565)

ec.edu.espe.safestore.model.SaleTest.testSetPaymentMethod -- Time elapsed: 0.001 s <<< FAILURE!
java.lang.AssertionError: The test case is a prototype.
	at org.junit.Assert.fail(Assert.java:89)
	at ec.edu.espe.safestore.model.SaleTest.testSetPaymentMethod(SaleTest.java:234)
	at java.base/java.lang.reflect.Method.invoke(Method.java:565)

ec.edu.espe.safestore.model.SaleTest.testSetDate -- Time elapsed: 0.003 s <<< FAILURE!
java.lang.AssertionError: The test case is a prototype.
	at org.junit.Assert.fail(Assert.java:89)
	at ec.edu.espe.safestore.model.SaleTest.testSetDate(SaleTest.java:99)
	at java.base/java.lang.reflect.Method.invoke(Method.java:565)

ec.edu.espe.safestore.model.SaleTest.testSetTax -- Time elapsed: 0.002 s <<< FAILURE!
java.lang.AssertionError: The test case is a prototype.
	at org.junit.Assert.fail(Assert.java:89)
	at ec.edu.espe.safestore.model.SaleTest.testSetTax(SaleTest.java:180)
	at java.base/java.lang.reflect.Method.invoke(Method.java:565)

ec.edu.espe.safestore.model.SaleTest.testSetItems -- Time elapsed: 0.003 s <<< FAILURE!
java.lang.AssertionError: The test case is a prototype.
	at org.junit.Assert.fail(Assert.java:89)
	at ec.edu.espe.safestore.model.SaleTest.testSetItems(SaleTest.java:126)
	at java.base/java.lang.reflect.Method.invoke(Method.java:565)

ec.edu.espe.safestore.model.SaleTest.testSetTotal -- Time elapsed: 0.001 s <<< FAILURE!
java.lang.AssertionError: The test case is a prototype.
	at org.junit.Assert.fail(Assert.java:89)
	at ec.edu.espe.safestore.model.SaleTest.testSetTotal(SaleTest.java:207)
	at java.base/java.lang.reflect.Method.invoke(Method.java:565)

