-------------------------------------------------------------------------------
Test set: ec.edu.espe.safestore.model.ReservationTest
-------------------------------------------------------------------------------
Tests run: 22, Failures: 22, Errors: 0, Skipped: 0, Time elapsed: 0.087 s <<< FAILURE! -- in ec.edu.espe.safestore.model.ReservationTest
ec.edu.espe.safestore.model.ReservationTest.testGetCustomerName -- Time elapsed: 0.002 s <<< FAILURE!
java.lang.AssertionError: expected:<> but was:<null>
	at org.junit.Assert.fail(Assert.java:89)
	at org.junit.Assert.failNotEquals(Assert.java:835)
	at org.junit.Assert.assertEquals(Assert.java:120)
	at org.junit.Assert.assertEquals(Assert.java:146)
	at ec.edu.espe.safestore.model.ReservationTest.testGetCustomerName(ReservationTest.java:84)
	at java.base/java.lang.reflect.Method.invoke(Method.java:565)

ec.edu.espe.safestore.model.ReservationTest.testSetCustomerPhone -- Time elapsed: 0.001 s <<< FAILURE!
java.lang.AssertionError: The test case is a prototype.
	at org.junit.Assert.fail(Assert.java:89)
	at ec.edu.espe.safestore.model.ReservationTest.testSetCustomerPhone(ReservationTest.java:126)
	at java.base/java.lang.reflect.Method.invoke(Method.java:565)

ec.edu.espe.safestore.model.ReservationTest.testGetItems -- Time elapsed: 0.001 s <<< FAILURE!
java.lang.AssertionError: expected:<null> but was:<[]>
	at org.junit.Assert.fail(Assert.java:89)
	at org.junit.Assert.failNotEquals(Assert.java:835)
	at org.junit.Assert.assertEquals(Assert.java:120)
	at org.junit.Assert.assertEquals(Assert.java:146)
	at ec.edu.espe.safestore.model.ReservationTest.testGetItems(ReservationTest.java:138)
	at java.base/java.lang.reflect.Method.invoke(Method.java:565)

ec.edu.espe.safestore.model.ReservationTest.testGetNotes -- Time elapsed: 0.001 s <<< FAILURE!
java.lang.AssertionError: expected:<> but was:<null>
	at org.junit.Assert.fail(Assert.java:89)
	at org.junit.Assert.failNotEquals(Assert.java:835)
	at org.junit.Assert.assertEquals(Assert.java:120)
	at org.junit.Assert.assertEquals(Assert.java:146)
	at ec.edu.espe.safestore.model.ReservationTest.testGetNotes(ReservationTest.java:246)
	at java.base/java.lang.reflect.Method.invoke(Method.java:565)

ec.edu.espe.safestore.model.ReservationTest.testSetReservationDate -- Time elapsed: 0.002 s <<< FAILURE!
java.lang.AssertionError: The test case is a prototype.
	at org.junit.Assert.fail(Assert.java:89)
	at ec.edu.espe.safestore.model.ReservationTest.testSetReservationDate(ReservationTest.java:180)
	at java.base/java.lang.reflect.Method.invoke(Method.java:565)

ec.edu.espe.safestore.model.ReservationTest.testAddItem -- Time elapsed: 0.003 s <<< FAILURE!
java.lang.AssertionError: The test case is a prototype.
	at org.junit.Assert.fail(Assert.java:89)
	at ec.edu.espe.safestore.model.ReservationTest.testAddItem(ReservationTest.java:274)
	at java.base/java.lang.reflect.Method.invoke(Method.java:565)

ec.edu.espe.safestore.model.ReservationTest.testIsExpired -- Time elapsed: 0.002 s <<< FAILURE!
java.lang.AssertionError: The test case is a prototype.
	at org.junit.Assert.fail(Assert.java:89)
	at ec.edu.espe.safestore.model.ReservationTest.testIsExpired(ReservationTest.java:302)
	at java.base/java.lang.reflect.Method.invoke(Method.java:565)

ec.edu.espe.safestore.model.ReservationTest.testToString -- Time elapsed: 0.002 s <<< FAILURE!
org.junit.ComparisonFailure: expected:<[]> but was:<[Reservation{reservationId=0, customerName=null, status=active}]>
	at org.junit.Assert.assertEquals(Assert.java:117)
	at org.junit.Assert.assertEquals(Assert.java:146)
	at ec.edu.espe.safestore.model.ReservationTest.testToString(ReservationTest.java:314)
	at java.base/java.lang.reflect.Method.invoke(Method.java:565)

ec.edu.espe.safestore.model.ReservationTest.testGetReservationId -- Time elapsed: 0.002 s <<< FAILURE!
java.lang.AssertionError: The test case is a prototype.
	at org.junit.Assert.fail(Assert.java:89)
	at ec.edu.espe.safestore.model.ReservationTest.testGetReservationId(ReservationTest.java:32)
	at java.base/java.lang.reflect.Method.invoke(Method.java:565)

ec.edu.espe.safestore.model.ReservationTest.testSetCustomerName -- Time elapsed: 0.003 s <<< FAILURE!
java.lang.AssertionError: The test case is a prototype.
	at org.junit.Assert.fail(Assert.java:89)
	at ec.edu.espe.safestore.model.ReservationTest.testSetCustomerName(ReservationTest.java:99)
	at java.base/java.lang.reflect.Method.invoke(Method.java:565)

ec.edu.espe.safestore.model.ReservationTest.testGetCustomerPhone -- Time elapsed: 0.002 s <<< FAILURE!
java.lang.AssertionError: expected:<> but was:<null>
	at org.junit.Assert.fail(Assert.java:89)
	at org.junit.Assert.failNotEquals(Assert.java:835)
	at org.junit.Assert.assertEquals(Assert.java:120)
	at org.junit.Assert.assertEquals(Assert.java:146)
	at ec.edu.espe.safestore.model.ReservationTest.testGetCustomerPhone(ReservationTest.java:111)
	at java.base/java.lang.reflect.Method.invoke(Method.java:565)

ec.edu.espe.safestore.model.ReservationTest.testGetCustomerId -- Time elapsed: 0.002 s <<< FAILURE!
java.lang.AssertionError: The test case is a prototype.
	at org.junit.Assert.fail(Assert.java:89)
	at ec.edu.espe.safestore.model.ReservationTest.testGetCustomerId(ReservationTest.java:59)
	at java.base/java.lang.reflect.Method.invoke(Method.java:565)

ec.edu.espe.safestore.model.ReservationTest.testGetExpiryDate -- Time elapsed: 0.003 s <<< FAILURE!
java.lang.AssertionError: expected:<null> but was:<2026-07-24T17:04:53.068393600>
	at org.junit.Assert.fail(Assert.java:89)
	at org.junit.Assert.failNotEquals(Assert.java:835)
	at org.junit.Assert.assertEquals(Assert.java:120)
	at org.junit.Assert.assertEquals(Assert.java:146)
	at ec.edu.espe.safestore.model.ReservationTest.testGetExpiryDate(ReservationTest.java:192)
	at java.base/java.lang.reflect.Method.invoke(Method.java:565)

ec.edu.espe.safestore.model.ReservationTest.testSetCustomerId -- Time elapsed: 0.001 s <<< FAILURE!
java.lang.AssertionError: The test case is a prototype.
	at org.junit.Assert.fail(Assert.java:89)
	at ec.edu.espe.safestore.model.ReservationTest.testSetCustomerId(ReservationTest.java:72)
	at java.base/java.lang.reflect.Method.invoke(Method.java:565)

ec.edu.espe.safestore.model.ReservationTest.testGetTotalValue -- Time elapsed: 0.014 s <<< FAILURE!
java.lang.AssertionError: The test case is a prototype.
	at org.junit.Assert.fail(Assert.java:89)
	at ec.edu.espe.safestore.model.ReservationTest.testGetTotalValue(ReservationTest.java:288)
	at java.base/java.lang.reflect.Method.invoke(Method.java:565)

ec.edu.espe.safestore.model.ReservationTest.testSetStatus -- Time elapsed: 0.001 s <<< FAILURE!
java.lang.AssertionError: The test case is a prototype.
	at org.junit.Assert.fail(Assert.java:89)
	at ec.edu.espe.safestore.model.ReservationTest.testSetStatus(ReservationTest.java:234)
	at java.base/java.lang.reflect.Method.invoke(Method.java:565)

ec.edu.espe.safestore.model.ReservationTest.testSetReservationId -- Time elapsed: 0.001 s <<< FAILURE!
java.lang.AssertionError: The test case is a prototype.
	at org.junit.Assert.fail(Assert.java:89)
	at ec.edu.espe.safestore.model.ReservationTest.testSetReservationId(ReservationTest.java:45)
	at java.base/java.lang.reflect.Method.invoke(Method.java:565)

ec.edu.espe.safestore.model.ReservationTest.testGetStatus -- Time elapsed: 0.007 s <<< FAILURE!
org.junit.ComparisonFailure: expected:<[]> but was:<[active]>
	at org.junit.Assert.assertEquals(Assert.java:117)
	at org.junit.Assert.assertEquals(Assert.java:146)
	at ec.edu.espe.safestore.model.ReservationTest.testGetStatus(ReservationTest.java:219)
	at java.base/java.lang.reflect.Method.invoke(Method.java:565)

ec.edu.espe.safestore.model.ReservationTest.testSetExpiryDate -- Time elapsed: 0.011 s <<< FAILURE!
java.lang.AssertionError: The test case is a prototype.
	at org.junit.Assert.fail(Assert.java:89)
	at ec.edu.espe.safestore.model.ReservationTest.testSetExpiryDate(ReservationTest.java:207)
	at java.base/java.lang.reflect.Method.invoke(Method.java:565)

ec.edu.espe.safestore.model.ReservationTest.testGetReservationDate -- Time elapsed: 0.001 s <<< FAILURE!
java.lang.AssertionError: expected:<null> but was:<2026-07-22T17:04:53.112388>
	at org.junit.Assert.fail(Assert.java:89)
	at org.junit.Assert.failNotEquals(Assert.java:835)
	at org.junit.Assert.assertEquals(Assert.java:120)
	at org.junit.Assert.assertEquals(Assert.java:146)
	at ec.edu.espe.safestore.model.ReservationTest.testGetReservationDate(ReservationTest.java:165)
	at java.base/java.lang.reflect.Method.invoke(Method.java:565)

ec.edu.espe.safestore.model.ReservationTest.testSetItems -- Time elapsed: 0.001 s <<< FAILURE!
java.lang.AssertionError: The test case is a prototype.
	at org.junit.Assert.fail(Assert.java:89)
	at ec.edu.espe.safestore.model.ReservationTest.testSetItems(ReservationTest.java:153)
	at java.base/java.lang.reflect.Method.invoke(Method.java:565)

ec.edu.espe.safestore.model.ReservationTest.testSetNotes -- Time elapsed: 0.003 s <<< FAILURE!
java.lang.AssertionError: The test case is a prototype.
	at org.junit.Assert.fail(Assert.java:89)
	at ec.edu.espe.safestore.model.ReservationTest.testSetNotes(ReservationTest.java:261)
	at java.base/java.lang.reflect.Method.invoke(Method.java:565)

