-------------------------------------------------------------------------------
Test set: ec.edu.espe.safestore.model.ReservationItemTest
-------------------------------------------------------------------------------
Tests run: 11, Failures: 11, Errors: 0, Skipped: 0, Time elapsed: 0.051 s <<< FAILURE! -- in ec.edu.espe.safestore.model.ReservationItemTest
ec.edu.espe.safestore.model.ReservationItemTest.testToString -- Time elapsed: 0.004 s <<< FAILURE!
org.junit.ComparisonFailure: expected:<[]> but was:<[ReservationItem{productName=null, quantity=0}]>
	at org.junit.Assert.assertEquals(Assert.java:117)
	at org.junit.Assert.assertEquals(Assert.java:146)
	at ec.edu.espe.safestore.model.ReservationItemTest.testToString(ReservationItemTest.java:163)
	at java.base/java.lang.reflect.Method.invoke(Method.java:565)

ec.edu.espe.safestore.model.ReservationItemTest.testSetProductName -- Time elapsed: 0.001 s <<< FAILURE!
java.lang.AssertionError: The test case is a prototype.
	at org.junit.Assert.fail(Assert.java:89)
	at ec.edu.espe.safestore.model.ReservationItemTest.testSetProductName(ReservationItemTest.java:70)
	at java.base/java.lang.reflect.Method.invoke(Method.java:565)

ec.edu.espe.safestore.model.ReservationItemTest.testGetProductId -- Time elapsed: 0.001 s <<< FAILURE!
java.lang.AssertionError: The test case is a prototype.
	at org.junit.Assert.fail(Assert.java:89)
	at ec.edu.espe.safestore.model.ReservationItemTest.testGetProductId(ReservationItemTest.java:30)
	at java.base/java.lang.reflect.Method.invoke(Method.java:565)

ec.edu.espe.safestore.model.ReservationItemTest.testSetQuantity -- Time elapsed: 0.001 s <<< FAILURE!
java.lang.AssertionError: The test case is a prototype.
	at org.junit.Assert.fail(Assert.java:89)
	at ec.edu.espe.safestore.model.ReservationItemTest.testSetQuantity(ReservationItemTest.java:97)
	at java.base/java.lang.reflect.Method.invoke(Method.java:565)

ec.edu.espe.safestore.model.ReservationItemTest.testGetQuantity -- Time elapsed: 0.001 s <<< FAILURE!
java.lang.AssertionError: The test case is a prototype.
	at org.junit.Assert.fail(Assert.java:89)
	at ec.edu.espe.safestore.model.ReservationItemTest.testGetQuantity(ReservationItemTest.java:84)
	at java.base/java.lang.reflect.Method.invoke(Method.java:565)

ec.edu.espe.safestore.model.ReservationItemTest.testGetUnitPrice -- Time elapsed: 0.002 s <<< FAILURE!
java.lang.AssertionError: The test case is a prototype.
	at org.junit.Assert.fail(Assert.java:89)
	at ec.edu.espe.safestore.model.ReservationItemTest.testGetUnitPrice(ReservationItemTest.java:111)
	at java.base/java.lang.reflect.Method.invoke(Method.java:565)

ec.edu.espe.safestore.model.ReservationItemTest.testGetTotalPrice -- Time elapsed: 0.003 s <<< FAILURE!
java.lang.AssertionError: The test case is a prototype.
	at org.junit.Assert.fail(Assert.java:89)
	at ec.edu.espe.safestore.model.ReservationItemTest.testGetTotalPrice(ReservationItemTest.java:138)
	at java.base/java.lang.reflect.Method.invoke(Method.java:565)

ec.edu.espe.safestore.model.ReservationItemTest.testGetProductName -- Time elapsed: 0.001 s <<< FAILURE!
java.lang.AssertionError: expected:<> but was:<null>
	at org.junit.Assert.fail(Assert.java:89)
	at org.junit.Assert.failNotEquals(Assert.java:835)
	at org.junit.Assert.assertEquals(Assert.java:120)
	at org.junit.Assert.assertEquals(Assert.java:146)
	at ec.edu.espe.safestore.model.ReservationItemTest.testGetProductName(ReservationItemTest.java:55)
	at java.base/java.lang.reflect.Method.invoke(Method.java:565)

ec.edu.espe.safestore.model.ReservationItemTest.testSetProductId -- Time elapsed: 0.002 s <<< FAILURE!
java.lang.AssertionError: The test case is a prototype.
	at org.junit.Assert.fail(Assert.java:89)
	at ec.edu.espe.safestore.model.ReservationItemTest.testSetProductId(ReservationItemTest.java:43)
	at java.base/java.lang.reflect.Method.invoke(Method.java:565)

ec.edu.espe.safestore.model.ReservationItemTest.testSetTotalPrice -- Time elapsed: 0.002 s <<< FAILURE!
java.lang.AssertionError: The test case is a prototype.
	at org.junit.Assert.fail(Assert.java:89)
	at ec.edu.espe.safestore.model.ReservationItemTest.testSetTotalPrice(ReservationItemTest.java:151)
	at java.base/java.lang.reflect.Method.invoke(Method.java:565)

ec.edu.espe.safestore.model.ReservationItemTest.testSetUnitPrice -- Time elapsed: 0.003 s <<< FAILURE!
java.lang.AssertionError: The test case is a prototype.
	at org.junit.Assert.fail(Assert.java:89)
	at ec.edu.espe.safestore.model.ReservationItemTest.testSetUnitPrice(ReservationItemTest.java:124)
	at java.base/java.lang.reflect.Method.invoke(Method.java:565)

