<?xml version="1.0" encoding="UTF-8"?>
<testsuite xmlns:xsi="http://www.w3.org/2001/XMLSchema-instance" xsi:noNamespaceSchemaLocation="https://maven.apache.org/surefire/maven-surefire-plugin/xsd/surefire-test-report-3.0.xsd" version="3.0" name="ec.edu.espe.safestore.model.SaleTest" time="0.066" tests="20" errors="1" skipped="0" failures="19">
  <properties>
[...]
</properties>
  <testcase name="testGetCustomerName" classname="ec.edu.espe.safestore.model.SaleTest" time="0.002">
    <failure message="expected:&lt;&gt; but was:&lt;null&gt;" type="java.lang.AssertionError"><![CDATA[java.lang.AssertionError: expected:<> but was:<null>
	at org.junit.Assert.fail(Assert.java:89)
	at org.junit.Assert.failNotEquals(Assert.java:835)
	at org.junit.Assert.assertEquals(Assert.java:120)
	at org.junit.Assert.assertEquals(Assert.java:146)
	at ec.edu.espe.safestore.model.SaleTest.testGetCustomerName(SaleTest.java:57)
	at java.base/java.lang.reflect.Method.invoke(Method.java:565)
]]></failure>
    <system-out><![CDATA[getCustomerName
]]></system-out>
  </testcase>
  <testcase name="testGetItems" classname="ec.edu.espe.safestore.model.SaleTest" time="0.001">
    <failure message="expected:&lt;null&gt; but was:&lt;[]&gt;" type="java.lang.AssertionError"><![CDATA[java.lang.AssertionError: expected:<null> but was:<[]>
	at org.junit.Assert.fail(Assert.java:89)
	at org.junit.Assert.failNotEquals(Assert.java:835)
	at org.junit.Assert.assertEquals(Assert.java:120)
	at org.junit.Assert.assertEquals(Assert.java:146)
	at ec.edu.espe.safestore.model.SaleTest.testGetItems(SaleTest.java:111)
	at java.base/java.lang.reflect.Method.invoke(Method.java:565)
]]></failure>
    <system-out><![CDATA[getItems
]]></system-out>
  </testcase>
  <testcase name="testGetTotal" classname="ec.edu.espe.safestore.model.SaleTest" time="0.001">
    <failure message="The test case is a prototype." type="java.lang.AssertionError"><![CDATA[java.lang.AssertionError: The test case is a prototype.
	at org.junit.Assert.fail(Assert.java:89)
	at ec.edu.espe.safestore.model.SaleTest.testGetTotal(SaleTest.java:194)
	at java.base/java.lang.reflect.Method.invoke(Method.java:565)
]]></failure>
    <system-out><![CDATA[getTotal
]]></system-out>
  </testcase>
  <testcase name="testAddItem" classname="ec.edu.espe.safestore.model.SaleTest" time="0.011">
    <error type="java.lang.NullPointerException"><![CDATA[java.lang.NullPointerException
	at java.base/java.util.stream.ReferencePipeline$6$1.accept(ReferencePipeline.java:265)
	at java.base/java.util.ArrayList$ArrayListSpliterator.forEachRemaining(ArrayList.java:1724)
	at java.base/java.util.stream.AbstractPipeline.copyInto(AbstractPipeline.java:570)
	at java.base/java.util.stream.AbstractPipeline.wrapAndCopyInto(AbstractPipeline.java:560)
	at java.base/java.util.stream.ReduceOps$ReduceOp.evaluateSequential(ReduceOps.java:921)
	at java.base/java.util.stream.AbstractPipeline.evaluate(AbstractPipeline.java:265)
	at java.base/java.util.stream.DoublePipeline.collect(DoublePipeline.java:544)
	at java.base/java.util.stream.DoublePipeline.sum(DoublePipeline.java:453)
	at ec.edu.espe.safestore.model.Sale.calculateTotals(Sale.java:65)
	at ec.edu.espe.safestore.model.Sale.addItem(Sale.java:61)
	at ec.edu.espe.safestore.model.SaleTest.testAddItem(SaleTest.java:272)
	at java.base/java.lang.reflect.Method.invoke(Method.java:565)
]]></error>
    <system-out><![CDATA[addItem
]]></system-out>
  </testcase>
  <testcase name="testToString" classname="ec.edu.espe.safestore.model.SaleTest" time="0.003">
    <failure message="expected:&lt;[]&gt; but was:&lt;[Sale{saleId=0, customerName=null, total=0.0}]&gt;" type="org.junit.ComparisonFailure"><![CDATA[org.junit.ComparisonFailure: expected:<[]> but was:<[Sale{saleId=0, customerName=null, total=0.0}]>
	at org.junit.Assert.assertEquals(Assert.java:117)
	at org.junit.Assert.assertEquals(Assert.java:146)
	at ec.edu.espe.safestore.model.SaleTest.testToString(SaleTest.java:286)
	at java.base/java.lang.reflect.Method.invoke(Method.java:565)
]]></failure>
    <system-out><![CDATA[toString
]]></system-out>
  </testcase>
  <testcase name="testSetCustomerName" classname="ec.edu.espe.safestore.model.SaleTest" time="0.004">
    <failure message="The test case is a prototype." type="java.lang.AssertionError"><![CDATA[java.lang.AssertionError: The test case is a prototype.
	at org.junit.Assert.fail(Assert.java:89)
	at ec.edu.espe.safestore.model.SaleTest.testSetCustomerName(SaleTest.java:72)
	at java.base/java.lang.reflect.Method.invoke(Method.java:565)
]]></failure>
    <system-out><![CDATA[setCustomerName
]]></system-out>
  </testcase>
  <testcase name="testSetSaleType" classname="ec.edu.espe.safestore.model.SaleTest" time="0.005">
    <failure message="The test case is a prototype." type="java.lang.AssertionError"><![CDATA[java.lang.AssertionError: The test case is a prototype.
	at org.junit.Assert.fail(Assert.java:89)
	at ec.edu.espe.safestore.model.SaleTest.testSetSaleType(SaleTest.java:261)
	at java.base/java.lang.reflect.Method.invoke(Method.java:565)
]]></failure>
    <system-out><![CDATA[setSaleType
]]></system-out>
  </testcase>
  <testcase name="testGetSaleType" classname="ec.edu.espe.safestore.model.SaleTest" time="0.001">
    <failure message="expected:&lt;&gt; but was:&lt;null&gt;" type="java.lang.AssertionError"><![CDATA[java.lang.AssertionError: expected:<> but was:<null>
	at org.junit.Assert.fail(Assert.java:89)
	at org.junit.Assert.failNotEquals(Assert.java:835)
	at org.junit.Assert.assertEquals(Assert.java:120)
	at org.junit.Assert.assertEquals(Assert.java:146)
	at ec.edu.espe.safestore.model.SaleTest.testGetSaleType(SaleTest.java:246)
	at java.base/java.lang.reflect.Method.invoke(Method.java:565)
]]></failure>
    <system-out><![CDATA[getSaleType
]]></system-out>
  </testcase>
  <testcase name="testGetPaymentMethod" classname="ec.edu.espe.safestore.model.SaleTest" time="0.001">
    <failure message="expected:&lt;&gt; but was:&lt;null&gt;" type="java.lang.AssertionError"><![CDATA[java.lang.AssertionError: expected:<> but was:<null>
	at org.junit.Assert.fail(Assert.java:89)
	at org.junit.Assert.failNotEquals(Assert.java:835)
	at org.junit.Assert.assertEquals(Assert.java:120)
	at org.junit.Assert.assertEquals(Assert.java:146)
	at ec.edu.espe.safestore.model.SaleTest.testGetPaymentMethod(SaleTest.java:219)
	at java.base/java.lang.reflect.Method.invoke(Method.java:565)
]]></failure>
    <system-out><![CDATA[getPaymentMethod
]]></system-out>
  </testcase>
  <testcase name="testSetSubtotal" classname="ec.edu.espe.safestore.model.SaleTest" time="0.001">
    <failure message="The test case is a prototype." type="java.lang.AssertionError"><![CDATA[java.lang.AssertionError: The test case is a prototype.
	at org.junit.Assert.fail(Assert.java:89)
	at ec.edu.espe.safestore.model.SaleTest.testSetSubtotal(SaleTest.java:153)
	at java.base/java.lang.reflect.Method.invoke(Method.java:565)
]]></failure>
    <system-out><![CDATA[setSubtotal
]]></system-out>
  </testcase>
  <testcase name="testGetSubtotal" classname="ec.edu.espe.safestore.model.SaleTest" time="0.002">
    <failure message="The test case is a prototype." type="java.lang.AssertionError"><![CDATA[java.lang.AssertionError: The test case is a prototype.
	at org.junit.Assert.fail(Assert.java:89)
	at ec.edu.espe.safestore.model.SaleTest.testGetSubtotal(SaleTest.java:140)
	at java.base/java.lang.reflect.Method.invoke(Method.java:565)
]]></failure>
    <system-out><![CDATA[getSubtotal
]]></system-out>
  </testcase>
  <testcase name="testGetDate" classname="ec.edu.espe.safestore.model.SaleTest" time="0.001">
    <failure message="expected:&lt;null&gt; but was:&lt;2026-07-22T17:04:53.238374100&gt;" type="java.lang.AssertionError"><![CDATA[java.lang.AssertionError: expected:<null> but was:<2026-07-22T17:04:53.238374100>
	at org.junit.Assert.fail(Assert.java:89)
	at org.junit.Assert.failNotEquals(Assert.java:835)
	at org.junit.Assert.assertEquals(Assert.java:120)
	at org.junit.Assert.assertEquals(Assert.java:146)
	at ec.edu.espe.safestore.model.SaleTest.testGetDate(SaleTest.java:84)
	at java.base/java.lang.reflect.Method.invoke(Method.java:565)
]]></failure>
    <system-out><![CDATA[getDate
]]></system-out>
  </testcase>
  <testcase name="testSetSaleId" classname="ec.edu.espe.safestore.model.SaleTest" time="0.002">
    <failure message="The test case is a prototype." type="java.lang.AssertionError"><![CDATA[java.lang.AssertionError: The test case is a prototype.
	at org.junit.Assert.fail(Assert.java:89)
	at ec.edu.espe.safestore.model.SaleTest.testSetSaleId(SaleTest.java:45)
	at java.base/java.lang.reflect.Method.invoke(Method.java:565)
]]></failure>
    <system-out><![CDATA[setSaleId
]]></system-out>
  </testcase>
  <testcase name="testGetTax" classname="ec.edu.espe.safestore.model.SaleTest" time="0.002">
    <failure message="The test case is a prototype." type="java.lang.AssertionError"><![CDATA[java.lang.AssertionError: The test case is a prototype.
	at org.junit.Assert.fail(Assert.java:89)
	at ec.edu.espe.safestore.model.SaleTest.testGetTax(SaleTest.java:167)
	at java.base/java.lang.reflect.Method.invoke(Method.java:565)
]]></failure>
    <system-out><![CDATA[getTax
]]></system-out>
  </testcase>
  <testcase name="testGetSaleId" classname="ec.edu.espe.safestore.model.SaleTest" time="0.001">
    <failure message="The test case is a prototype." type="java.lang.AssertionError"><![CDATA[java.lang.AssertionError: The test case is a prototype.
	at org.junit.Assert.fail(Assert.java:89)
	at ec.edu.espe.safestore.model.SaleTest.testGetSaleId(SaleTest.java:32)
	at java.base/java.lang.reflect.Method.invoke(Method.java:565)
]]></failure>
    <system-out><![CDATA[getSaleId
]]></system-out>
  </testcase>
  <testcase name="testSetPaymentMethod" classname="ec.edu.espe.safestore.model.SaleTest" time="0.001">
    <failure message="The test case is a prototype." type="java.lang.AssertionError"><![CDATA[java.lang.AssertionError: The test case is a prototype.
	at org.junit.Assert.fail(Assert.java:89)
	at ec.edu.espe.safestore.model.SaleTest.testSetPaymentMethod(SaleTest.java:234)
	at java.base/java.lang.reflect.Method.invoke(Method.java:565)
]]></failure>
    <system-out><![CDATA[setPaymentMethod
]]></system-out>
  </testcase>
  <testcase name="testSetDate" classname="ec.edu.espe.safestore.model.SaleTest" time="0.003">
    <failure message="The test case is a prototype." type="java.lang.AssertionError"><![CDATA[java.lang.AssertionError: The test case is a prototype.
	at org.junit.Assert.fail(Assert.java:89)
	at ec.edu.espe.safestore.model.SaleTest.testSetDate(SaleTest.java:99)
	at java.base/java.lang.reflect.Method.invoke(Method.java:565)
]]></failure>
    <system-out><![CDATA[setDate
]]></system-out>
  </testcase>
  <testcase name="testSetTax" classname="ec.edu.espe.safestore.model.SaleTest" time="0.002">
    <failure message="The test case is a prototype." type="java.lang.AssertionError"><![CDATA[java.lang.AssertionError: The test case is a prototype.
	at org.junit.Assert.fail(Assert.java:89)
	at ec.edu.espe.safestore.model.SaleTest.testSetTax(SaleTest.java:180)
	at java.base/java.lang.reflect.Method.invoke(Method.java:565)
]]></failure>
    <system-out><![CDATA[setTax
]]></system-out>
  </testcase>
  <testcase name="testSetItems" classname="ec.edu.espe.safestore.model.SaleTest" time="0.003">
    <failure message="The test case is a prototype." type="java.lang.AssertionError"><![CDATA[java.lang.AssertionError: The test case is a prototype.
	at org.junit.Assert.fail(Assert.java:89)
	at ec.edu.espe.safestore.model.SaleTest.testSetItems(SaleTest.java:126)
	at java.base/java.lang.reflect.Method.invoke(Method.java:565)
]]></failure>
    <system-out><![CDATA[setItems
]]></system-out>
  </testcase>
  <testcase name="testSetTotal" classname="ec.edu.espe.safestore.model.SaleTest" time="0.001">
    <failure message="The test case is a prototype." type="java.lang.AssertionError"><![CDATA[java.lang.AssertionError: The test case is a prototype.
	at org.junit.Assert.fail(Assert.java:89)
	at ec.edu.espe.safestore.model.SaleTest.testSetTotal(SaleTest.java:207)
	at java.base/java.lang.reflect.Method.invoke(Method.java:565)
]]></failure>
    <system-out><![CDATA[setTotal
]]></system-out>
  </testcase>
</testsuite>