<?xml version="1.0" encoding="UTF-8"?>
<testsuite xmlns:xsi="http://www.w3.org/2001/XMLSchema-instance" xsi:noNamespaceSchemaLocation="https://maven.apache.org/surefire/maven-surefire-plugin/xsd/surefire-test-report-3.0.xsd" version="3.0" name="ec.edu.espe.safestore.model.TransactionTest" time="0.041" tests="9" errors="0" skipped="0" failures="9">
  <properties>
[...]
</properties>
  <testcase name="testSetDescription" classname="ec.edu.espe.safestore.model.TransactionTest" time="0.002">
    <failure message="The test case is a prototype." type="java.lang.AssertionError"><![CDATA[java.lang.AssertionError: The test case is a prototype.
	at org.junit.Assert.fail(Assert.java:89)
	at ec.edu.espe.safestore.model.TransactionTest.testSetDescription(TransactionTest.java:71)
	at java.base/java.lang.reflect.Method.invoke(Method.java:565)
]]></failure>
    <system-out><![CDATA[setDescription
]]></system-out>
  </testcase>
  <testcase name="testToString" classname="ec.edu.espe.safestore.model.TransactionTest" time="0.001">
    <failure message="expected:&lt;[]&gt; but was:&lt;[Transaction{amount=0.0, type=null, date=null}]&gt;" type="org.junit.ComparisonFailure"><![CDATA[org.junit.ComparisonFailure: expected:<[]> but was:<[Transaction{amount=0.0, type=null, date=null}]>
	at org.junit.Assert.assertEquals(Assert.java:117)
	at org.junit.Assert.assertEquals(Assert.java:146)
	at ec.edu.espe.safestore.model.TransactionTest.testToString(TransactionTest.java:137)
	at java.base/java.lang.reflect.Method.invoke(Method.java:565)
]]></failure>
    <system-out><![CDATA[toString
]]></system-out>
  </testcase>
  <testcase name="testGetDate" classname="ec.edu.espe.safestore.model.TransactionTest" time="0.005">
    <failure message="The test case is a prototype." type="java.lang.AssertionError"><![CDATA[java.lang.AssertionError: The test case is a prototype.
	at org.junit.Assert.fail(Assert.java:89)
	at ec.edu.espe.safestore.model.TransactionTest.testGetDate(TransactionTest.java:112)
	at java.base/java.lang.reflect.Method.invoke(Method.java:565)
]]></failure>
    <system-out><![CDATA[getDate
]]></system-out>
  </testcase>
  <testcase name="testGetType" classname="ec.edu.espe.safestore.model.TransactionTest" time="0.003">
    <failure message="expected:&lt;&gt; but was:&lt;null&gt;" type="java.lang.AssertionError"><![CDATA[java.lang.AssertionError: expected:<> but was:<null>
	at org.junit.Assert.fail(Assert.java:89)
	at org.junit.Assert.failNotEquals(Assert.java:835)
	at org.junit.Assert.assertEquals(Assert.java:120)
	at org.junit.Assert.assertEquals(Assert.java:146)
	at ec.edu.espe.safestore.model.TransactionTest.testGetType(TransactionTest.java:83)
	at java.base/java.lang.reflect.Method.invoke(Method.java:565)
]]></failure>
    <system-out><![CDATA[getType
]]></system-out>
  </testcase>
  <testcase name="testGetDescription" classname="ec.edu.espe.safestore.model.TransactionTest" time="0.003">
    <failure message="expected:&lt;&gt; but was:&lt;null&gt;" type="java.lang.AssertionError"><![CDATA[java.lang.AssertionError: expected:<> but was:<null>
	at org.junit.Assert.fail(Assert.java:89)
	at org.junit.Assert.failNotEquals(Assert.java:835)
	at org.junit.Assert.assertEquals(Assert.java:120)
	at org.junit.Assert.assertEquals(Assert.java:146)
	at ec.edu.espe.safestore.model.TransactionTest.testGetDescription(TransactionTest.java:56)
	at java.base/java.lang.reflect.Method.invoke(Method.java:565)
]]></failure>
    <system-out><![CDATA[getDescription
]]></system-out>
  </testcase>
  <testcase name="testSetAmount" classname="ec.edu.espe.safestore.model.TransactionTest" time="0.002">
    <failure message="The test case is a prototype." type="java.lang.AssertionError"><![CDATA[java.lang.AssertionError: The test case is a prototype.
	at org.junit.Assert.fail(Assert.java:89)
	at ec.edu.espe.safestore.model.TransactionTest.testSetAmount(TransactionTest.java:44)
	at java.base/java.lang.reflect.Method.invoke(Method.java:565)
]]></failure>
    <system-out><![CDATA[setAmount
]]></system-out>
  </testcase>
  <testcase name="testGetAmount" classname="ec.edu.espe.safestore.model.TransactionTest" time="0.001">
    <failure message="The test case is a prototype." type="java.lang.AssertionError"><![CDATA[java.lang.AssertionError: The test case is a prototype.
	at org.junit.Assert.fail(Assert.java:89)
	at ec.edu.espe.safestore.model.TransactionTest.testGetAmount(TransactionTest.java:31)
	at java.base/java.lang.reflect.Method.invoke(Method.java:565)
]]></failure>
    <system-out><![CDATA[getAmount
]]></system-out>
  </testcase>
  <testcase name="testSetDate" classname="ec.edu.espe.safestore.model.TransactionTest" time="0.002">
    <failure message="The test case is a prototype." type="java.lang.AssertionError"><![CDATA[java.lang.AssertionError: The test case is a prototype.
	at org.junit.Assert.fail(Assert.java:89)
	at ec.edu.espe.safestore.model.TransactionTest.testSetDate(TransactionTest.java:125)
	at java.base/java.lang.reflect.Method.invoke(Method.java:565)
]]></failure>
    <system-out><![CDATA[setDate
]]></system-out>
  </testcase>
  <testcase name="testSetType" classname="ec.edu.espe.safestore.model.TransactionTest" time="0.002">
    <failure message="The test case is a prototype." type="java.lang.AssertionError"><![CDATA[java.lang.AssertionError: The test case is a prototype.
	at org.junit.Assert.fail(Assert.java:89)
	at ec.edu.espe.safestore.model.TransactionTest.testSetType(TransactionTest.java:98)
	at java.base/java.lang.reflect.Method.invoke(Method.java:565)
]]></failure>
    <system-out><![CDATA[setType
]]></system-out>
  </testcase>
</testsuite>