<?xml version="1.0" encoding="UTF-8"?>
<testsuite xmlns:xsi="http://www.w3.org/2001/XMLSchema-instance" xsi:noNamespaceSchemaLocation="https://maven.apache.org/surefire/maven-surefire-plugin/xsd/surefire-test-report-3.0.xsd" version="3.0" name="ec.edu.espe.safestore.model.UserTest" time="0.126" tests="19" errors="0" skipped="0" failures="19">
  <properties>
[...]
</properties>
  <testcase name="testSetPassword" classname="ec.edu.espe.safestore.model.UserTest" time="0.004">
    <failure message="The test case is a prototype." type="java.lang.AssertionError"><![CDATA[java.lang.AssertionError: The test case is a prototype.
	at org.junit.Assert.fail(Assert.java:89)
	at ec.edu.espe.safestore.model.UserTest.testSetPassword(UserTest.java:70)
	at java.base/java.lang.reflect.Method.invoke(Method.java:565)
]]></failure>
    <system-out><![CDATA[setPassword
]]></system-out>
  </testcase>
  <testcase name="testGetPassword" classname="ec.edu.espe.safestore.model.UserTest" time="0.001">
    <failure message="expected:&lt;&gt; but was:&lt;null&gt;" type="java.lang.AssertionError"><![CDATA[java.lang.AssertionError: expected:<> but was:<null>
	at org.junit.Assert.fail(Assert.java:89)
	at org.junit.Assert.failNotEquals(Assert.java:835)
	at org.junit.Assert.assertEquals(Assert.java:120)
	at org.junit.Assert.assertEquals(Assert.java:146)
	at ec.edu.espe.safestore.model.UserTest.testGetPassword(UserTest.java:55)
	at java.base/java.lang.reflect.Method.invoke(Method.java:565)
]]></failure>
    <system-out><![CDATA[getPassword
]]></system-out>
  </testcase>
  <testcase name="testGetEmail" classname="ec.edu.espe.safestore.model.UserTest" time="0.001">
    <failure message="expected:&lt;&gt; but was:&lt;null&gt;" type="java.lang.AssertionError"><![CDATA[java.lang.AssertionError: expected:<> but was:<null>
	at org.junit.Assert.fail(Assert.java:89)
	at org.junit.Assert.failNotEquals(Assert.java:835)
	at org.junit.Assert.assertEquals(Assert.java:120)
	at org.junit.Assert.assertEquals(Assert.java:146)
	at ec.edu.espe.safestore.model.UserTest.testGetEmail(UserTest.java:109)
	at java.base/java.lang.reflect.Method.invoke(Method.java:565)
]]></failure>
    <system-out><![CDATA[getEmail
]]></system-out>
  </testcase>
  <testcase name="testGetLastLogin" classname="ec.edu.espe.safestore.model.UserTest" time="0.002">
    <failure message="expected:&lt;&gt; but was:&lt;null&gt;" type="java.lang.AssertionError"><![CDATA[java.lang.AssertionError: expected:<> but was:<null>
	at org.junit.Assert.fail(Assert.java:89)
	at org.junit.Assert.failNotEquals(Assert.java:835)
	at org.junit.Assert.assertEquals(Assert.java:120)
	at org.junit.Assert.assertEquals(Assert.java:146)
	at ec.edu.espe.safestore.model.UserTest.testGetLastLogin(UserTest.java:244)
	at java.base/java.lang.reflect.Method.invoke(Method.java:565)
]]></failure>
    <system-out><![CDATA[getLastLogin
]]></system-out>
  </testcase>
  <testcase name="testSetCreatedAt" classname="ec.edu.espe.safestore.model.UserTest" time="0.001">
    <failure message="The test case is a prototype." type="java.lang.AssertionError"><![CDATA[java.lang.AssertionError: The test case is a prototype.
	at org.junit.Assert.fail(Assert.java:89)
	at ec.edu.espe.safestore.model.UserTest.testSetCreatedAt(UserTest.java:232)
	at java.base/java.lang.reflect.Method.invoke(Method.java:565)
]]></failure>
    <system-out><![CDATA[setCreatedAt
]]></system-out>
  </testcase>
  <testcase name="testToString" classname="ec.edu.espe.safestore.model.UserTest" time="0.002">
    <failure message="expected:&lt;[]&gt; but was:&lt;[User{username=null, role=null, email=null, active=true}]&gt;" type="org.junit.ComparisonFailure"><![CDATA[org.junit.ComparisonFailure: expected:<[]> but was:<[User{username=null, role=null, email=null, active=true}]>
	at org.junit.Assert.assertEquals(Assert.java:117)
	at org.junit.Assert.assertEquals(Assert.java:146)
	at ec.edu.espe.safestore.model.UserTest.testToString(UserTest.java:271)
	at java.base/java.lang.reflect.Method.invoke(Method.java:565)
]]></failure>
    <system-out><![CDATA[toString
]]></system-out>
  </testcase>
  <testcase name="testSetResetTokenExpiry" classname="ec.edu.espe.safestore.model.UserTest" time="0.001">
    <failure message="The test case is a prototype." type="java.lang.AssertionError"><![CDATA[java.lang.AssertionError: The test case is a prototype.
	at org.junit.Assert.fail(Assert.java:89)
	at ec.edu.espe.safestore.model.UserTest.testSetResetTokenExpiry(UserTest.java:178)
	at java.base/java.lang.reflect.Method.invoke(Method.java:565)
]]></failure>
    <system-out><![CDATA[setResetTokenExpiry
]]></system-out>
  </testcase>
  <testcase name="testGetRole" classname="ec.edu.espe.safestore.model.UserTest" time="0.002">
    <failure message="expected:&lt;&gt; but was:&lt;null&gt;" type="java.lang.AssertionError"><![CDATA[java.lang.AssertionError: expected:<> but was:<null>
	at org.junit.Assert.fail(Assert.java:89)
	at org.junit.Assert.failNotEquals(Assert.java:835)
	at org.junit.Assert.assertEquals(Assert.java:120)
	at org.junit.Assert.assertEquals(Assert.java:146)
	at ec.edu.espe.safestore.model.UserTest.testGetRole(UserTest.java:82)
	at java.base/java.lang.reflect.Method.invoke(Method.java:565)
]]></failure>
    <system-out><![CDATA[getRole
]]></system-out>
  </testcase>
  <testcase name="testGetResetToken" classname="ec.edu.espe.safestore.model.UserTest" time="0.002">
    <failure message="expected:&lt;&gt; but was:&lt;null&gt;" type="java.lang.AssertionError"><![CDATA[java.lang.AssertionError: expected:<> but was:<null>
	at org.junit.Assert.fail(Assert.java:89)
	at org.junit.Assert.failNotEquals(Assert.java:835)
	at org.junit.Assert.assertEquals(Assert.java:120)
	at org.junit.Assert.assertEquals(Assert.java:146)
	at ec.edu.espe.safestore.model.UserTest.testGetResetToken(UserTest.java:136)
	at java.base/java.lang.reflect.Method.invoke(Method.java:565)
]]></failure>
    <system-out><![CDATA[getResetToken
]]></system-out>
  </testcase>
  <testcase name="testIsActive" classname="ec.edu.espe.safestore.model.UserTest" time="0.001">
    <failure message="expected:&lt;false&gt; but was:&lt;true&gt;" type="java.lang.AssertionError"><![CDATA[java.lang.AssertionError: expected:<false> but was:<true>
	at org.junit.Assert.fail(Assert.java:89)
	at org.junit.Assert.failNotEquals(Assert.java:835)
	at org.junit.Assert.assertEquals(Assert.java:120)
	at org.junit.Assert.assertEquals(Assert.java:146)
	at ec.edu.espe.safestore.model.UserTest.testIsActive(UserTest.java:190)
	at java.base/java.lang.reflect.Method.invoke(Method.java:565)
]]></failure>
    <system-out><![CDATA[isActive
]]></system-out>
  </testcase>
  <testcase name="testSetLastLogin" classname="ec.edu.espe.safestore.model.UserTest" time="0.001">
    <failure message="The test case is a prototype." type="java.lang.AssertionError"><![CDATA[java.lang.AssertionError: The test case is a prototype.
	at org.junit.Assert.fail(Assert.java:89)
	at ec.edu.espe.safestore.model.UserTest.testSetLastLogin(UserTest.java:259)
	at java.base/java.lang.reflect.Method.invoke(Method.java:565)
]]></failure>
    <system-out><![CDATA[setLastLogin
]]></system-out>
  </testcase>
  <testcase name="testGetResetTokenExpiry" classname="ec.edu.espe.safestore.model.UserTest" time="0.001">
    <failure message="expected:&lt;&gt; but was:&lt;null&gt;" type="java.lang.AssertionError"><![CDATA[java.lang.AssertionError: expected:<> but was:<null>
	at org.junit.Assert.fail(Assert.java:89)
	at org.junit.Assert.failNotEquals(Assert.java:835)
	at org.junit.Assert.assertEquals(Assert.java:120)
	at org.junit.Assert.assertEquals(Assert.java:146)
	at ec.edu.espe.safestore.model.UserTest.testGetResetTokenExpiry(UserTest.java:163)
	at java.base/java.lang.reflect.Method.invoke(Method.java:565)
]]></failure>
    <system-out><![CDATA[getResetTokenExpiry
]]></system-out>
  </testcase>
  <testcase name="testSetResetToken" classname="ec.edu.espe.safestore.model.UserTest" time="0.002">
    <failure message="The test case is a prototype." type="java.lang.AssertionError"><![CDATA[java.lang.AssertionError: The test case is a prototype.
	at org.junit.Assert.fail(Assert.java:89)
	at ec.edu.espe.safestore.model.UserTest.testSetResetToken(UserTest.java:151)
	at java.base/java.lang.reflect.Method.invoke(Method.java:565)
]]></failure>
    <system-out><![CDATA[setResetToken
]]></system-out>
  </testcase>
  <testcase name="testSetActive" classname="ec.edu.espe.safestore.model.UserTest" time="0.001">
    <failure message="The test case is a prototype." type="java.lang.AssertionError"><![CDATA[java.lang.AssertionError: The test case is a prototype.
	at org.junit.Assert.fail(Assert.java:89)
	at ec.edu.espe.safestore.model.UserTest.testSetActive(UserTest.java:205)
	at java.base/java.lang.reflect.Method.invoke(Method.java:565)
]]></failure>
    <system-out><![CDATA[setActive
]]></system-out>
  </testcase>
  <testcase name="testSetUsername" classname="ec.edu.espe.safestore.model.UserTest" time="0.002">
    <failure message="The test case is a prototype." type="java.lang.AssertionError"><![CDATA[java.lang.AssertionError: The test case is a prototype.
	at org.junit.Assert.fail(Assert.java:89)
	at ec.edu.espe.safestore.model.UserTest.testSetUsername(UserTest.java:43)
	at java.base/java.lang.reflect.Method.invoke(Method.java:565)
]]></failure>
    <system-out><![CDATA[setUsername
]]></system-out>
  </testcase>
  <testcase name="testGetUsername" classname="ec.edu.espe.safestore.model.UserTest" time="0.001">
    <failure message="expected:&lt;&gt; but was:&lt;null&gt;" type="java.lang.AssertionError"><![CDATA[java.lang.AssertionError: expected:<> but was:<null>
	at org.junit.Assert.fail(Assert.java:89)
	at org.junit.Assert.failNotEquals(Assert.java:835)
	at org.junit.Assert.assertEquals(Assert.java:120)
	at org.junit.Assert.assertEquals(Assert.java:146)
	at ec.edu.espe.safestore.model.UserTest.testGetUsername(UserTest.java:28)
	at java.base/java.lang.reflect.Method.invoke(Method.java:565)
]]></failure>
    <system-out><![CDATA[getUsername
]]></system-out>
  </testcase>
  <testcase name="testSetRole" classname="ec.edu.espe.safestore.model.UserTest" time="0.001">
    <failure message="The test case is a prototype." type="java.lang.AssertionError"><![CDATA[java.lang.AssertionError: The test case is a prototype.
	at org.junit.Assert.fail(Assert.java:89)
	at ec.edu.espe.safestore.model.UserTest.testSetRole(UserTest.java:97)
	at java.base/java.lang.reflect.Method.invoke(Method.java:565)
]]></failure>
    <system-out><![CDATA[setRole
]]></system-out>
  </testcase>
  <testcase name="testGetCreatedAt" classname="ec.edu.espe.safestore.model.UserTest" time="0.004">
    <failure message="expected:&lt;[]&gt; but was:&lt;[2026-07-22T17:04:53.789304400]&gt;" type="org.junit.ComparisonFailure"><![CDATA[org.junit.ComparisonFailure: expected:<[]> but was:<[2026-07-22T17:04:53.789304400]>
	at org.junit.Assert.assertEquals(Assert.java:117)
	at org.junit.Assert.assertEquals(Assert.java:146)
	at ec.edu.espe.safestore.model.UserTest.testGetCreatedAt(UserTest.java:217)
	at java.base/java.lang.reflect.Method.invoke(Method.java:565)
]]></failure>
    <system-out><![CDATA[getCreatedAt
]]></system-out>
  </testcase>
  <testcase name="testSetEmail" classname="ec.edu.espe.safestore.model.UserTest" time="0.002">
    <failure message="The test case is a prototype." type="java.lang.AssertionError"><![CDATA[java.lang.AssertionError: The test case is a prototype.
	at org.junit.Assert.fail(Assert.java:89)
	at ec.edu.espe.safestore.model.UserTest.testSetEmail(UserTest.java:124)
	at java.base/java.lang.reflect.Method.invoke(Method.java:565)
]]></failure>
    <system-out><![CDATA[setEmail
]]></system-out>
  </testcase>
</testsuite>