<?xml version="1.0" encoding="UTF-8"?>
<testsuite xmlns:xsi="http://www.w3.org/2001/XMLSchema-instance" xsi:noNamespaceSchemaLocation="https://maven.apache.org/surefire/maven-surefire-plugin/xsd/surefire-test-report-3.0.xsd" version="3.0" name="ec.edu.espe.safestore.model.SaleItemTest" time="0.068" tests="11" errors="0" skipped="0" failures="11">
  <properties>
[...]
</properties>
  <testcase name="testToString" classname="ec.edu.espe.safestore.model.SaleItemTest" time="0.039">
    <failure message="expected:&lt;[]&gt; but was:&lt;[SaleItem{productName=null, quantity=0, totalPrice=0.0}]&gt;" type="org.junit.ComparisonFailure"><![CDATA[org.junit.ComparisonFailure: expected:<[]> but was:<[SaleItem{productName=null, quantity=0, totalPrice=0.0}]>
	at org.junit.Assert.assertEquals(Assert.java:117)
	at org.junit.Assert.assertEquals(Assert.java:146)
	at ec.edu.espe.safestore.model.SaleItemTest.testToString(SaleItemTest.java:163)
	at java.base/java.lang.reflect.Method.invoke(Method.java:565)
]]></failure>
    <system-out><![CDATA[toString
]]></system-out>
  </testcase>
  <testcase name="testSetProductName" classname="ec.edu.espe.safestore.model.SaleItemTest" time="0.002">
    <failure message="The test case is a prototype." type="java.lang.AssertionError"><![CDATA[java.lang.AssertionError: The test case is a prototype.
	at org.junit.Assert.fail(Assert.java:89)
	at ec.edu.espe.safestore.model.SaleItemTest.testSetProductName(SaleItemTest.java:70)
	at java.base/java.lang.reflect.Method.invoke(Method.java:565)
]]></failure>
    <system-out><![CDATA[setProductName
]]></system-out>
  </testcase>
  <testcase name="testGetProductId" classname="ec.edu.espe.safestore.model.SaleItemTest" time="0.001">
    <failure message="The test case is a prototype." type="java.lang.AssertionError"><![CDATA[java.lang.AssertionError: The test case is a prototype.
	at org.junit.Assert.fail(Assert.java:89)
	at ec.edu.espe.safestore.model.SaleItemTest.testGetProductId(SaleItemTest.java:30)
	at java.base/java.lang.reflect.Method.invoke(Method.java:565)
]]></failure>
    <system-out><![CDATA[getProductId
]]></system-out>
  </testcase>
  <testcase name="testSetQuantity" classname="ec.edu.espe.safestore.model.SaleItemTest" time="0.001">
    <failure message="The test case is a prototype." type="java.lang.AssertionError"><![CDATA[java.lang.AssertionError: The test case is a prototype.
	at org.junit.Assert.fail(Assert.java:89)
	at ec.edu.espe.safestore.model.SaleItemTest.testSetQuantity(SaleItemTest.java:97)
	at java.base/java.lang.reflect.Method.invoke(Method.java:565)
]]></failure>
    <system-out><![CDATA[setQuantity
]]></system-out>
  </testcase>
  <testcase name="testGetQuantity" classname="ec.edu.espe.safestore.model.SaleItemTest" time="0.001">
    <failure message="The test case is a prototype." type="java.lang.AssertionError"><![CDATA[java.lang.AssertionError: The test case is a prototype.
	at org.junit.Assert.fail(Assert.java:89)
	at ec.edu.espe.safestore.model.SaleItemTest.testGetQuantity(SaleItemTest.java:84)
	at java.base/java.lang.reflect.Method.invoke(Method.java:565)
]]></failure>
    <system-out><![CDATA[getQuantity
]]></system-out>
  </testcase>
  <testcase name="testGetUnitPrice" classname="ec.edu.espe.safestore.model.SaleItemTest" time="0.003">
    <failure message="The test case is a prototype." type="java.lang.AssertionError"><![CDATA[java.lang.AssertionError: The test case is a prototype.
	at org.junit.Assert.fail(Assert.java:89)
	at ec.edu.espe.safestore.model.SaleItemTest.testGetUnitPrice(SaleItemTest.java:111)
	at java.base/java.lang.reflect.Method.invoke(Method.java:565)
]]></failure>
    <system-out><![CDATA[getUnitPrice
]]></system-out>
  </testcase>
  <testcase name="testGetTotalPrice" classname="ec.edu.espe.safestore.model.SaleItemTest" time="0.003">
    <failure message="The test case is a prototype." type="java.lang.AssertionError"><![CDATA[java.lang.AssertionError: The test case is a prototype.
	at org.junit.Assert.fail(Assert.java:89)
	at ec.edu.espe.safestore.model.SaleItemTest.testGetTotalPrice(SaleItemTest.java:138)
	at java.base/java.lang.reflect.Method.invoke(Method.java:565)
]]></failure>
    <system-out><![CDATA[getTotalPrice
]]></system-out>
  </testcase>
  <testcase name="testGetProductName" classname="ec.edu.espe.safestore.model.SaleItemTest" time="0.002">
    <failure message="expected:&lt;&gt; but was:&lt;null&gt;" type="java.lang.AssertionError"><![CDATA[java.lang.AssertionError: expected:<> but was:<null>
	at org.junit.Assert.fail(Assert.java:89)
	at org.junit.Assert.failNotEquals(Assert.java:835)
	at org.junit.Assert.assertEquals(Assert.java:120)
	at org.junit.Assert.assertEquals(Assert.java:146)
	at ec.edu.espe.safestore.model.SaleItemTest.testGetProductName(SaleItemTest.java:55)
	at java.base/java.lang.reflect.Method.invoke(Method.java:565)
]]></failure>
    <system-out><![CDATA[getProductName
]]></system-out>
  </testcase>
  <testcase name="testSetProductId" classname="ec.edu.espe.safestore.model.SaleItemTest" time="0.002">
    <failure message="The test case is a prototype." type="java.lang.AssertionError"><![CDATA[java.lang.AssertionError: The test case is a prototype.
	at org.junit.Assert.fail(Assert.java:89)
	at ec.edu.espe.safestore.model.SaleItemTest.testSetProductId(SaleItemTest.java:43)
	at java.base/java.lang.reflect.Method.invoke(Method.java:565)
]]></failure>
    <system-out><![CDATA[setProductId
]]></system-out>
  </testcase>
  <testcase name="testSetTotalPrice" classname="ec.edu.espe.safestore.model.SaleItemTest" time="0.002">
    <failure message="The test case is a prototype." type="java.lang.AssertionError"><![CDATA[java.lang.AssertionError: The test case is a prototype.
	at org.junit.Assert.fail(Assert.java:89)
	at ec.edu.espe.safestore.model.SaleItemTest.testSetTotalPrice(SaleItemTest.java:151)
	at java.base/java.lang.reflect.Method.invoke(Method.java:565)
]]></failure>
    <system-out><![CDATA[setTotalPrice
]]></system-out>
  </testcase>
  <testcase name="testSetUnitPrice" classname="ec.edu.espe.safestore.model.SaleItemTest" time="0.002">
    <failure message="The test case is a prototype." type="java.lang.AssertionError"><![CDATA[java.lang.AssertionError: The test case is a prototype.
	at org.junit.Assert.fail(Assert.java:89)
	at ec.edu.espe.safestore.model.SaleItemTest.testSetUnitPrice(SaleItemTest.java:124)
	at java.base/java.lang.reflect.Method.invoke(Method.java:565)
]]></failure>
    <system-out><![CDATA[setUnitPrice
]]></system-out>
  </testcase>
</testsuite>