<?xml version="1.0" encoding="UTF-8"?>
<testsuite xmlns:xsi="http://www.w3.org/2001/XMLSchema-instance" xsi:noNamespaceSchemaLocation="https://maven.apache.org/surefire/maven-surefire-plugin/xsd/surefire-test-report-3.0.xsd" version="3.0" name="ec.edu.espe.safestore.model.ReservationTest" time="0.087" tests="22" errors="0" skipped="0" failures="22">
  <properties>
[...]
</properties>
  <testcase name="testGetCustomerName" classname="ec.edu.espe.safestore.model.ReservationTest" time="0.002">
    <failure message="expected:&lt;&gt; but was:&lt;null&gt;" type="java.lang.AssertionError"><![CDATA[java.lang.AssertionError: expected:<> but was:<null>
	at org.junit.Assert.fail(Assert.java:89)
	at org.junit.Assert.failNotEquals(Assert.java:835)
	at org.junit.Assert.assertEquals(Assert.java:120)
	at org.junit.Assert.assertEquals(Assert.java:146)
	at ec.edu.espe.safestore.model.ReservationTest.testGetCustomerName(ReservationTest.java:84)
	at java.base/java.lang.reflect.Method.invoke(Method.java:565)
]]></failure>
    <system-out><![CDATA[getCustomerName
]]></system-out>
  </testcase>
  <testcase name="testSetCustomerPhone" classname="ec.edu.espe.safestore.model.ReservationTest" time="0.001">
    <failure message="The test case is a prototype." type="java.lang.AssertionError"><![CDATA[java.lang.AssertionError: The test case is a prototype.
	at org.junit.Assert.fail(Assert.java:89)
	at ec.edu.espe.safestore.model.ReservationTest.testSetCustomerPhone(ReservationTest.java:126)
	at java.base/java.lang.reflect.Method.invoke(Method.java:565)
]]></failure>
    <system-out><![CDATA[setCustomerPhone
]]></system-out>
  </testcase>
  <testcase name="testGetItems" classname="ec.edu.espe.safestore.model.ReservationTest" time="0.001">
    <failure message="expected:&lt;null&gt; but was:&lt;[]&gt;" type="java.lang.AssertionError"><![CDATA[java.lang.AssertionError: expected:<null> but was:<[]>
	at org.junit.Assert.fail(Assert.java:89)
	at org.junit.Assert.failNotEquals(Assert.java:835)
	at org.junit.Assert.assertEquals(Assert.java:120)
	at org.junit.Assert.assertEquals(Assert.java:146)
	at ec.edu.espe.safestore.model.ReservationTest.testGetItems(ReservationTest.java:138)
	at java.base/java.lang.reflect.Method.invoke(Method.java:565)
]]></failure>
    <system-out><![CDATA[getItems
]]></system-out>
  </testcase>
  <testcase name="testGetNotes" classname="ec.edu.espe.safestore.model.ReservationTest" time="0.001">
    <failure message="expected:&lt;&gt; but was:&lt;null&gt;" type="java.lang.AssertionError"><![CDATA[java.lang.AssertionError: expected:<> but was:<null>
	at org.junit.Assert.fail(Assert.java:89)
	at org.junit.Assert.failNotEquals(Assert.java:835)
	at org.junit.Assert.assertEquals(Assert.java:120)
	at org.junit.Assert.assertEquals(Assert.java:146)
	at ec.edu.espe.safestore.model.ReservationTest.testGetNotes(ReservationTest.java:246)
	at java.base/java.lang.reflect.Method.invoke(Method.java:565)
]]></failure>
    <system-out><![CDATA[getNotes
]]></system-out>
  </testcase>
  <testcase name="testSetReservationDate" classname="ec.edu.espe.safestore.model.ReservationTest" time="0.002">
    <failure message="The test case is a prototype." type="java.lang.AssertionError"><![CDATA[java.lang.AssertionError: The test case is a prototype.
	at org.junit.Assert.fail(Assert.java:89)
	at ec.edu.espe.safestore.model.ReservationTest.testSetReservationDate(ReservationTest.java:180)
	at java.base/java.lang.reflect.Method.invoke(Method.java:565)
]]></failure>
    <system-out><![CDATA[setReservationDate
]]></system-out>
  </testcase>
  <testcase name="testAddItem" classname="ec.edu.espe.safestore.model.ReservationTest" time="0.003">
    <failure message="The test case is a prototype." type="java.lang.AssertionError"><![CDATA[java.lang.AssertionError: The test case is a prototype.
	at org.junit.Assert.fail(Assert.java:89)
	at ec.edu.espe.safestore.model.ReservationTest.testAddItem(ReservationTest.java:274)
	at java.base/java.lang.reflect.Method.invoke(Method.java:565)
]]></failure>
    <system-out><![CDATA[addItem
]]></system-out>
  </testcase>
  <testcase name="testIsExpired" classname="ec.edu.espe.safestore.model.ReservationTest" time="0.002">
    <failure message="The test case is a prototype." type="java.lang.AssertionError"><![CDATA[java.lang.AssertionError: The test case is a prototype.
	at org.junit.Assert.fail(Assert.java:89)
	at ec.edu.espe.safestore.model.ReservationTest.testIsExpired(ReservationTest.java:302)
	at java.base/java.lang.reflect.Method.invoke(Method.java:565)
]]></failure>
    <system-out><![CDATA[isExpired
]]></system-out>
  </testcase>
  <testcase name="testToString" classname="ec.edu.espe.safestore.model.ReservationTest" time="0.002">
    <failure message="expected:&lt;[]&gt; but was:&lt;[Reservation{reservationId=0, customerName=null, status=active}]&gt;" type="org.junit.ComparisonFailure"><![CDATA[org.junit.ComparisonFailure: expected:<[]> but was:<[Reservation{reservationId=0, customerName=null, status=active}]>
	at org.junit.Assert.assertEquals(Assert.java:117)
	at org.junit.Assert.assertEquals(Assert.java:146)
	at ec.edu.espe.safestore.model.ReservationTest.testToString(ReservationTest.java:314)
	at java.base/java.lang.reflect.Method.invoke(Method.java:565)
]]></failure>
    <system-out><![CDATA[toString
]]></system-out>
  </testcase>
  <testcase name="testGetReservationId" classname="ec.edu.espe.safestore.model.ReservationTest" time="0.002">
    <failure message="The test case is a prototype." type="java.lang.AssertionError"><![CDATA[java.lang.AssertionError: The test case is a prototype.
	at org.junit.Assert.fail(Assert.java:89)
	at ec.edu.espe.safestore.model.ReservationTest.testGetReservationId(ReservationTest.java:32)
	at java.base/java.lang.reflect.Method.invoke(Method.java:565)
]]></failure>
    <system-out><![CDATA[getReservationId
]]></system-out>
  </testcase>
  <testcase name="testSetCustomerName" classname="ec.edu.espe.safestore.model.ReservationTest" time="0.003">
    <failure message="The test case is a prototype." type="java.lang.AssertionError"><![CDATA[java.lang.AssertionError: The test case is a prototype.
	at org.junit.Assert.fail(Assert.java:89)
	at ec.edu.espe.safestore.model.ReservationTest.testSetCustomerName(ReservationTest.java:99)
	at java.base/java.lang.reflect.Method.invoke(Method.java:565)
]]></failure>
    <system-out><![CDATA[setCustomerName
]]></system-out>
  </testcase>
  <testcase name="testGetCustomerPhone" classname="ec.edu.espe.safestore.model.ReservationTest" time="0.002">
    <failure message="expected:&lt;&gt; but was:&lt;null&gt;" type="java.lang.AssertionError"><![CDATA[java.lang.AssertionError: expected:<> but was:<null>
	at org.junit.Assert.fail(Assert.java:89)
	at org.junit.Assert.failNotEquals(Assert.java:835)
	at org.junit.Assert.assertEquals(Assert.java:120)
	at org.junit.Assert.assertEquals(Assert.java:146)
	at ec.edu.espe.safestore.model.ReservationTest.testGetCustomerPhone(ReservationTest.java:111)
	at java.base/java.lang.reflect.Method.invoke(Method.java:565)
]]></failure>
    <system-out><![CDATA[getCustomerPhone
]]></system-out>
  </testcase>
  <testcase name="testGetCustomerId" classname="ec.edu.espe.safestore.model.ReservationTest" time="0.002">
    <failure message="The test case is a prototype." type="java.lang.AssertionError"><![CDATA[java.lang.AssertionError: The test case is a prototype.
	at org.junit.Assert.fail(Assert.java:89)
	at ec.edu.espe.safestore.model.ReservationTest.testGetCustomerId(ReservationTest.java:59)
	at java.base/java.lang.reflect.Method.invoke(Method.java:565)
]]></failure>
    <system-out><![CDATA[getCustomerId
]]></system-out>
  </testcase>
  <testcase name="testGetExpiryDate" classname="ec.edu.espe.safestore.model.ReservationTest" time="0.003">
    <failure message="expected:&lt;null&gt; but was:&lt;2026-07-24T17:04:53.068393600&gt;" type="java.lang.AssertionError"><![CDATA[java.lang.AssertionError: expected:<null> but was:<2026-07-24T17:04:53.068393600>
	at org.junit.Assert.fail(Assert.java:89)
	at org.junit.Assert.failNotEquals(Assert.java:835)
	at org.junit.Assert.assertEquals(Assert.java:120)
	at org.junit.Assert.assertEquals(Assert.java:146)
	at ec.edu.espe.safestore.model.ReservationTest.testGetExpiryDate(ReservationTest.java:192)
	at java.base/java.lang.reflect.Method.invoke(Method.java:565)
]]></failure>
    <system-out><![CDATA[getExpiryDate
]]></system-out>
  </testcase>
  <testcase name="testSetCustomerId" classname="ec.edu.espe.safestore.model.ReservationTest" time="0.001">
    <failure message="The test case is a prototype." type="java.lang.AssertionError"><![CDATA[java.lang.AssertionError: The test case is a prototype.
	at org.junit.Assert.fail(Assert.java:89)
	at ec.edu.espe.safestore.model.ReservationTest.testSetCustomerId(ReservationTest.java:72)
	at java.base/java.lang.reflect.Method.invoke(Method.java:565)
]]></failure>
    <system-out><![CDATA[setCustomerId
]]></system-out>
  </testcase>
  <testcase name="testGetTotalValue" classname="ec.edu.espe.safestore.model.ReservationTest" time="0.014">
    <failure message="The test case is a prototype." type="java.lang.AssertionError"><![CDATA[java.lang.AssertionError: The test case is a prototype.
	at org.junit.Assert.fail(Assert.java:89)
	at ec.edu.espe.safestore.model.ReservationTest.testGetTotalValue(ReservationTest.java:288)
	at java.base/java.lang.reflect.Method.invoke(Method.java:565)
]]></failure>
    <system-out><![CDATA[getTotalValue
]]></system-out>
  </testcase>
  <testcase name="testSetStatus" classname="ec.edu.espe.safestore.model.ReservationTest" time="0.001">
    <failure message="The test case is a prototype." type="java.lang.AssertionError"><![CDATA[java.lang.AssertionError: The test case is a prototype.
	at org.junit.Assert.fail(Assert.java:89)
	at ec.edu.espe.safestore.model.ReservationTest.testSetStatus(ReservationTest.java:234)
	at java.base/java.lang.reflect.Method.invoke(Method.java:565)
]]></failure>
    <system-out><![CDATA[setStatus
]]></system-out>
  </testcase>
  <testcase name="testSetReservationId" classname="ec.edu.espe.safestore.model.ReservationTest" time="0.001">
    <failure message="The test case is a prototype." type="java.lang.AssertionError"><![CDATA[java.lang.AssertionError: The test case is a prototype.
	at org.junit.Assert.fail(Assert.java:89)
	at ec.edu.espe.safestore.model.ReservationTest.testSetReservationId(ReservationTest.java:45)
	at java.base/java.lang.reflect.Method.invoke(Method.java:565)
]]></failure>
    <system-out><![CDATA[setReservationId
]]></system-out>
  </testcase>
  <testcase name="testGetStatus" classname="ec.edu.espe.safestore.model.ReservationTest" time="0.007">
    <failure message="expected:&lt;[]&gt; but was:&lt;[active]&gt;" type="org.junit.ComparisonFailure"><![CDATA[org.junit.ComparisonFailure: expected:<[]> but was:<[active]>
	at org.junit.Assert.assertEquals(Assert.java:117)
	at org.junit.Assert.assertEquals(Assert.java:146)
	at ec.edu.espe.safestore.model.ReservationTest.testGetStatus(ReservationTest.java:219)
	at java.base/java.lang.reflect.Method.invoke(Method.java:565)
]]></failure>
    <system-out><![CDATA[getStatus
]]></system-out>
  </testcase>
  <testcase name="testSetExpiryDate" classname="ec.edu.espe.safestore.model.ReservationTest" time="0.011">
    <failure message="The test case is a prototype." type="java.lang.AssertionError"><![CDATA[java.lang.AssertionError: The test case is a prototype.
	at org.junit.Assert.fail(Assert.java:89)
	at ec.edu.espe.safestore.model.ReservationTest.testSetExpiryDate(ReservationTest.java:207)
	at java.base/java.lang.reflect.Method.invoke(Method.java:565)
]]></failure>
    <system-out><![CDATA[setExpiryDate
]]></system-out>
  </testcase>
  <testcase name="testGetReservationDate" classname="ec.edu.espe.safestore.model.ReservationTest" time="0.001">
    <failure message="expected:&lt;null&gt; but was:&lt;2026-07-22T17:04:53.112388&gt;" type="java.lang.AssertionError"><![CDATA[java.lang.AssertionError: expected:<null> but was:<2026-07-22T17:04:53.112388>
	at org.junit.Assert.fail(Assert.java:89)
	at org.junit.Assert.failNotEquals(Assert.java:835)
	at org.junit.Assert.assertEquals(Assert.java:120)
	at org.junit.Assert.assertEquals(Assert.java:146)
	at ec.edu.espe.safestore.model.ReservationTest.testGetReservationDate(ReservationTest.java:165)
	at java.base/java.lang.reflect.Method.invoke(Method.java:565)
]]></failure>
    <system-out><![CDATA[getReservationDate
]]></system-out>
  </testcase>
  <testcase name="testSetItems" classname="ec.edu.espe.safestore.model.ReservationTest" time="0.001">
    <failure message="The test case is a prototype." type="java.lang.AssertionError"><![CDATA[java.lang.AssertionError: The test case is a prototype.
	at org.junit.Assert.fail(Assert.java:89)
	at ec.edu.espe.safestore.model.ReservationTest.testSetItems(ReservationTest.java:153)
	at java.base/java.lang.reflect.Method.invoke(Method.java:565)
]]></failure>
    <system-out><![CDATA[setItems
]]></system-out>
  </testcase>
  <testcase name="testSetNotes" classname="ec.edu.espe.safestore.model.ReservationTest" time="0.003">
    <failure message="The test case is a prototype." type="java.lang.AssertionError"><![CDATA[java.lang.AssertionError: The test case is a prototype.
	at org.junit.Assert.fail(Assert.java:89)
	at ec.edu.espe.safestore.model.ReservationTest.testSetNotes(ReservationTest.java:261)
	at java.base/java.lang.reflect.Method.invoke(Method.java:565)
]]></failure>
    <system-out><![CDATA[setNotes
]]></system-out>
  </testcase>
</testsuite>